0 info it worked if it ends with ok
1 verbose cli [ '/usr/local/bin/node', '/usr/local/bin/npm', 'run', 'create' ]
2 info using npm@4.0.5
3 info using node@v6.9.5
4 verbose run-script [ 'precreate', 'create', 'postcreate' ]
5 info lifecycle webhook@1.0.0~precreate: webhook@1.0.0
6 silly lifecycle webhook@1.0.0~precreate: no script for precreate, continuing
7 info lifecycle webhook@1.0.0~create: webhook@1.0.0
8 verbose lifecycle webhook@1.0.0~create: unsafe-perm in lifecycle true
9 verbose lifecycle webhook@1.0.0~create: PATH: /usr/local/lib/node_modules/npm/bin/node-gyp-bin:/home/ken/IIOT/messageBOT/node_modules/.bin:/usr/local/sbin:/usr/local/bin:/usr/sbin:/usr/bin:/sbin:/bin:/usr/games:/usr/local/games
10 verbose lifecycle webhook@1.0.0~create: CWD: /home/ken/IIOT/messageBOT
11 silly lifecycle webhook@1.0.0~create: Args: [ '-c',
11 silly lifecycle   'claudia create --region us-east-1 --profile default  --role lambda_basic_execution --api-module app --name messageBOT' ]
12 silly lifecycle webhook@1.0.0~create: Returned: code: 1  signal: null
13 info lifecycle webhook@1.0.0~create: Failed to exec create script
14 verbose stack Error: webhook@1.0.0 create: `claudia create --region us-east-1 --profile default  --role lambda_basic_execution --api-module app --name messageBOT`
14 verbose stack Exit status 1
14 verbose stack     at EventEmitter.<anonymous> (/usr/local/lib/node_modules/npm/lib/utils/lifecycle.js:279:16)
14 verbose stack     at emitTwo (events.js:106:13)
14 verbose stack     at EventEmitter.emit (events.js:191:7)
14 verbose stack     at ChildProcess.<anonymous> (/usr/local/lib/node_modules/npm/lib/utils/spawn.js:40:14)
14 verbose stack     at emitTwo (events.js:106:13)
14 verbose stack     at ChildProcess.emit (events.js:191:7)
14 verbose stack     at maybeClose (internal/child_process.js:877:16)
14 verbose stack     at Process.ChildProcess._handle.onexit (internal/child_process.js:226:5)
15 verbose pkgid webhook@1.0.0
16 verbose cwd /home/ken/IIOT/messageBOT
17 error Linux 3.13.0-74-generic
18 error argv "/usr/local/bin/node" "/usr/local/bin/npm" "run" "create"
19 error node v6.9.5
20 error npm  v4.0.5
21 error code ELIFECYCLE
22 error webhook@1.0.0 create: `claudia create --region us-east-1 --profile default  --role lambda_basic_execution --api-module app --name messageBOT`
22 error Exit status 1
23 error Failed at the webhook@1.0.0 create script 'claudia create --region us-east-1 --profile default  --role lambda_basic_execution --api-module app --name messageBOT'.
23 error Make sure you have the latest version of node.js and npm installed.
23 error If you do, this is most likely a problem with the webhook package,
23 error not with npm itself.
23 error Tell the author that this fails on your system:
23 error     claudia create --region us-east-1 --profile default  --role lambda_basic_execution --api-module app --name messageBOT
23 error You can get information on how to open an issue for this project with:
23 error     npm bugs webhook
23 error Or if that isn't available, you can get their info via:
23 error     npm owner ls webhook
23 error There is likely additional logging output above.
24 verbose exit [ 1, true ]
